env: load .env
env: export EXPO_PUBLIC_API_BASE_URL
Starting project at /home/mahmoud/Documents/GitHub/musicbud/react-native
React Compiler enabled
Starting Metro Bundler

warning: Bundler cache is empty, rebuilding (this may take a minute)
/home/mahmoud/Documents/GitHub/musicbud/react-native/node_modules/expo/node_modules/@expo/cli/build/src/utils/errors.js:130
    throw error;
    ^

Error: Cannot find module 'expo-router/internal/routing'
Require stack:
- /home/mahmoud/Documents/GitHub/musicbud/react-native/node_modules/expo/node_modules/@expo/cli/node_modules/@expo/router-server/build/typed-routes/index.js
- /home/mahmoud/Documents/GitHub/musicbud/react-native/node_modules/expo/node_modules/@expo/cli/build/src/start/server/type-generation/routes.js
- /home/mahmoud/Documents/GitHub/musicbud/react-native/node_modules/expo/node_modules/@expo/cli/build/src/start/server/type-generation/startTypescriptTypeGeneration.js
- /home/mahmoud/Documents/GitHub/musicbud/react-native/node_modules/expo/node_modules/@expo/cli/build/src/start/server/metro/MetroBundlerDevServer.js
- /home/mahmoud/Documents/GitHub/musicbud/react-native/node_modules/expo/node_modules/@expo/cli/build/src/start/server/DevServerManager.js
- /home/mahmoud/Documents/GitHub/musicbud/react-native/node_modules/expo/node_modules/@expo/cli/build/src/start/startAsync.js
- /home/mahmoud/Documents/GitHub/musicbud/react-native/node_modules/expo/node_modules/@expo/cli/build/src/start/index.js
- /home/mahmoud/Documents/GitHub/musicbud/react-native/node_modules/expo/node_modules/@expo/cli/build/bin/cli
- /home/mahmoud/Documents/GitHub/musicbud/react-native/node_modules/expo/bin/cli
    at Module._resolveFilename (node:internal/modules/cjs/loader:1453:15)
    at defaultResolveImpl (node:internal/modules/cjs/loader:1064:19)
    at resolveForCJSWithHooks (node:internal/modules/cjs/loader:1069:22)
    at Module._load (node:internal/modules/cjs/loader:1239:25)
    at wrapModuleLoad (node:internal/modules/cjs/loader:255:19)
    at Module.require (node:internal/modules/cjs/loader:1553:12)
    at require (node:internal/modules/helpers:152:16)
    at Object.<anonymous> (/home/mahmoud/Documents/GitHub/musicbud/react-native/node_modules/expo/node_modules/@expo/cli/node_modules/@expo/router-server/src/typed-routes/index.ts:2:1)
    at Module._compile (node:internal/modules/cjs/loader:1809:14)
    at Object.Module._extensions..js (node:internal/modules/cjs/loader:1940:10) {
  code: 'MODULE_NOT_FOUND',
  requireStack: [
    '/home/mahmoud/Documents/GitHub/musicbud/react-native/node_modules/expo/node_modules/@expo/cli/node_modules/@expo/router-server/build/typed-routes/index.js',
    '/home/mahmoud/Documents/GitHub/musicbud/react-native/node_modules/expo/node_modules/@expo/cli/build/src/start/server/type-generation/routes.js',
    '/home/mahmoud/Documents/GitHub/musicbud/react-native/node_modules/expo/node_modules/@expo/cli/build/src/start/server/type-generation/startTypescriptTypeGeneration.js',
    '/home/mahmoud/Documents/GitHub/musicbud/react-native/node_modules/expo/node_modules/@expo/cli/build/src/start/server/metro/MetroBundlerDevServer.js',
    '/home/mahmoud/Documents/GitHub/musicbud/react-native/node_modules/expo/node_modules/@expo/cli/build/src/start/server/DevServerManager.js',
    '/home/mahmoud/Documents/GitHub/musicbud/react-native/node_modules/expo/node_modules/@expo/cli/build/src/start/startAsync.js',
    '/home/mahmoud/Documents/GitHub/musicbud/react-native/node_modules/expo/node_modules/@expo/cli/build/src/start/index.js',
    '/home/mahmoud/Documents/GitHub/musicbud/react-native/node_modules/expo/node_modules/@expo/cli/build/bin/cli',
    '/home/mahmoud/Documents/GitHub/musicbud/react-native/node_modules/expo/bin/cli'
  ]
}

Node.js v25.6.0
